#
# A fatal error has been detected by the Java Runtime Environment:
#
#  EXCEPTION_ACCESS_VIOLATION (0xc0000005) at pc=0x0000000180005b6b, pid=11948, tid=8208
#
# JRE version: Java(TM) SE Runtime Environment (8.0_51-b16) (build 1.8.0_51-b16)
# Java VM: Java HotSpot(TM) 64-Bit Server VM (25.51-b03 mixed mode windows-amd64 compressed oops)
# Problematic frame:
# C  [rxtxSerial.dll+0x5b6b]
#
# Failed to write core dump. Minidumps are not enabled by default on client versions of Windows
#
# If you would like to submit a bug report, please visit:
#   http://bugreport.java.com/bugreport/crash.jsp
# The crash happened outside the Java Virtual Machine in native code.
# See problematic frame for where to report the bug.
#

---------------  T H R E A D  ---------------

Current thread (0x00000000030a0800):  JavaThread "main" [_thread_in_native, id=8208, stack(0x0000000002ef0000,0x0000000002ff0000)]

siginfo: ExceptionCode=0xc0000005, writing address 0x000000001afbeed8

Registers:
RAX=0x0000000000000001, RBX=0x0000000000000001, RCX=0x1a0e9d02db1b0000, RDX=0x0000000000000000
RSP=0x0000000002fef1a0, RBP=0x00000000ffffffff, RSI=0x0000000000000001, RDI=0x0000000000000000
R8 =0x0000000002feed10, R9 =0x0000000180000000, R10=0x0000000000000000, R11=0x0000000000000200
R12=0x000000001afbeed0, R13=0x0000000000000001, R14=0x0000000000000001, R15=0x0000000000000000
RIP=0x0000000180005b6b, EFLAGS=0x0000000000010246

Top of Stack: (sp=0x0000000002fef1a0)
0x0000000002fef1a0:   0000000000000000 0000000000000000
0x0000000002fef1b0:   0000000002fef388 00000000ffffffff
0x0000000002fef1c0:   0000000000000000 0000000002fef380
0x0000000002fef1d0:   0000000017bdbf00 0000000000000001
0x0000000002fef1e0:   00000000030a09f8 0000000000000001
0x0000000002fef1f0:   ffffffffffffffff 0000000180006211
0x0000000002fef200:   000000001a276200 0000000000000001
0x0000000002fef210:   0000000000000001 000000001a276200
0x0000000002fef220:   0000000000000001 0000000affffffff
0x0000000002fef230:   0000000002fef388 00000000030a0800
0x0000000002fef240:   00000000030a0800 0000000000000000
0x0000000002fef250:   00001a0e9ffc2a4b 000000007414c035
0x0000000002fef260:   0000000002fef398 0000000000000001
0x0000000002fef270:   0000000000000000 00001a0e9ffc291b
0x0000000002fef280:   0000000002fef378 0000000017bdbf00
0x0000000002fef290:   00000000030a0800 0000000002fef388 

Instructions: (pc=0x0000000180005b6b)
0x0000000180005b4b:   31 00 00 85 c0 78 33 74 06 03 d8 2b f8 eb 0a b9
0x0000000180005b5b:   e8 03 00 00 e8 1c 1c 00 00 41 3b dd 7c b7 8b c3
0x0000000180005b6b:   45 89 74 24 08 48 8b 5c 24 60 48 83 c4 20 41 5f
0x0000000180005b7b:   41 5e 41 5d 41 5c 5f 5e 5d c3 e8 1e 61 00 00 83 


Register to memory mapping:

RAX=0x0000000000000001 is an unknown value
RBX=0x0000000000000001 is an unknown value
RCX=0x1a0e9d02db1b0000 is an unknown value
RDX=0x0000000000000000 is an unknown value
RSP=0x0000000002fef1a0 is pointing into the stack for thread: 0x00000000030a0800
RBP=0x00000000ffffffff is an unallocated location in the heap
RSI=0x0000000000000001 is an unknown value
RDI=0x0000000000000000 is an unknown value
R8 =0x0000000002feed10 is pointing into the stack for thread: 0x00000000030a0800
R9 =0x0000000180000000 is an unknown value
R10=0x0000000000000000 is an unknown value
R11=0x0000000000000200 is an unknown value
R12=0x000000001afbeed0 is an unknown value
R13=0x0000000000000001 is an unknown value
R14=0x0000000000000001 is an unknown value
R15=0x0000000000000000 is an unknown value


Stack: [0x0000000002ef0000,0x0000000002ff0000],  sp=0x0000000002fef1a0,  free space=1020k
Native frames: (J=compiled Java code, j=interpreted, Vv=VM code, C=native code)
C  [rxtxSerial.dll+0x5b6b]
C  [rxtxSerial.dll+0x6211]
C  0x00000000031b57f4

Java frames: (J=compiled Java code, j=interpreted, Vv=VM code)
j  gnu.io.RXTXPort.readArray([BII)I+0
j  gnu.io.RXTXPort$SerialInputStream.read([BII)I+212
j  sun.nio.cs.StreamDecoder.readBytes()I+135
j  sun.nio.cs.StreamDecoder.implRead([CII)I+112
j  sun.nio.cs.StreamDecoder.read([CII)I+180
j  java.io.InputStreamReader.read([CII)I+7
j  java.io.BufferedReader.fill()V+145
j  java.io.BufferedReader.readLine(Z)Ljava/lang/String;+44
j  java.io.BufferedReader.readLine()Ljava/lang/String;+2
j  SerialTest.main([Ljava/lang/String;)V+42
v  ~StubRoutines::call_stub

---------------  P R O C E S S  ---------------

Java Threads: ( => current thread )
  0x000000001a33c800 JavaThread "Thread-1" [_thread_blocked, id=9664, stack(0x000000001afc0000,0x000000001b0c0000)]
  0x000000001a268000 JavaThread "Service Thread" daemon [_thread_blocked, id=6976, stack(0x000000001aba0000,0x000000001aca0000)]
  0x000000001a1e0800 JavaThread "C1 CompilerThread3" daemon [_thread_blocked, id=12004, stack(0x000000001aaa0000,0x000000001aba0000)]
  0x000000001a1d0800 JavaThread "C2 CompilerThread2" daemon [_thread_blocked, id=5460, stack(0x000000001a9a0000,0x000000001aaa0000)]
  0x000000001a1ce800 JavaThread "C2 CompilerThread1" daemon [_thread_blocked, id=9740, stack(0x000000001a8a0000,0x000000001a9a0000)]
  0x000000001a1c7000 JavaThread "C2 CompilerThread0" daemon [_thread_blocked, id=5004, stack(0x000000001a7a0000,0x000000001a8a0000)]
  0x000000001a1c5800 JavaThread "Attach Listener" daemon [_thread_blocked, id=5412, stack(0x000000001a6a0000,0x000000001a7a0000)]
  0x000000001a1c4000 JavaThread "Signal Dispatcher" daemon [_thread_blocked, id=8108, stack(0x000000001a5a0000,0x000000001a6a0000)]
  0x0000000003199800 JavaThread "Finalizer" daemon [_thread_blocked, id=1192, stack(0x000000001a0a0000,0x000000001a1a0000)]
  0x00000000181bd800 JavaThread "Reference Handler" daemon [_thread_blocked, id=1844, stack(0x0000000019fa0000,0x000000001a0a0000)]
=>0x00000000030a0800 JavaThread "main" [_thread_in_native, id=8208, stack(0x0000000002ef0000,0x0000000002ff0000)]

Other Threads:
  0x00000000181b9000 VMThread [stack: 0x0000000019ea0000,0x0000000019fa0000] [id=2976]
  0x000000001a26b000 WatcherThread [stack: 0x000000001aca0000,0x000000001ada0000] [id=9320]

VM state:not at safepoint (normal execution)

VM Mutex/Monitor currently owned by a thread: None

Heap:
 PSYoungGen      total 38400K, used 4659K [0x00000000d5800000, 0x00000000d8280000, 0x0000000100000000)
  eden space 33280K, 14% used [0x00000000d5800000,0x00000000d5c8ce38,0x00000000d7880000)
  from space 5120K, 0% used [0x00000000d7d80000,0x00000000d7d80000,0x00000000d8280000)
  to   space 5120K, 0% used [0x00000000d7880000,0x00000000d7880000,0x00000000d7d80000)
 ParOldGen       total 87552K, used 0K [0x0000000080800000, 0x0000000085d80000, 0x00000000d5800000)
  object space 87552K, 0% used [0x0000000080800000,0x0000000080800000,0x0000000085d80000)
 Metaspace       used 2956K, capacity 4664K, committed 4864K, reserved 1056768K
  class space    used 329K, capacity 424K, committed 512K, reserved 1048576K

Card table byte_map: [0x0000000012560000,0x0000000012960000] byte_map_base: 0x000000001215c000

Marking Bits: (ParMarkBitMap*) 0x0000000074814040
 Begin Bits: [0x0000000013410000, 0x00000000153f0000)
 End Bits:   [0x00000000153f0000, 0x00000000173d0000)

Polling page: 0x0000000002e50000

CodeCache: size=245760Kb used=1267Kb max_used=1267Kb free=244492Kb
 bounds [0x00000000031a0000, 0x0000000003410000, 0x00000000121a0000]
 total_blobs=346 nmethods=104 adapters=156
 compilation: enabled

Compilation events (10 events):
Event: 2.039 Thread 0x000000001a1e0800  100       1       java.nio.Buffer::limit (5 bytes)
Event: 2.039 Thread 0x000000001a1e0800 nmethod 100 0x00000000032dba50 code [0x00000000032dbba0, 0x00000000032dbcb0]
Event: 2.145 Thread 0x000000001a1e0800  101       3       java.nio.Buffer::position (43 bytes)
Event: 2.146 Thread 0x000000001a1e0800 nmethod 101 0x00000000032dbd10 code [0x00000000032dbe80, 0x00000000032dc148]
Event: 2.157 Thread 0x000000001a1e0800  102       3       java.nio.ByteBuffer::arrayOffset (35 bytes)
Event: 2.158 Thread 0x000000001a1e0800 nmethod 102 0x00000000032dc210 code [0x00000000032dc3a0, 0x00000000032dc658]
Event: 2.243 Thread 0x000000001a1e0800  103       3       java.nio.CharBuffer::arrayOffset (35 bytes)
Event: 2.244 Thread 0x000000001a1e0800 nmethod 103 0x00000000032dc750 code [0x00000000032dc8e0, 0x00000000032dcb98]
Event: 2.248 Thread 0x000000001a1e0800  104       3       sun.nio.cs.SingleByte$Decoder::decode (11 bytes)
Event: 2.248 Thread 0x000000001a1e0800 nmethod 104 0x00000000032dcc90 code [0x00000000032dcde0, 0x00000000032dcf70]

GC Heap History (0 events):
No events

Deoptimization events (0 events):
No events

Internal exceptions (6 events):
Event: 0.037 Thread 0x00000000030a0800 Exception <a 'java/lang/NoSuchMethodError': Method sun.misc.Unsafe.defineClass(Ljava/lang/String;[BII)Ljava/lang/Class; name or signature does not match> (0x00000000d580ccf0) thrown at [C:\re\workspace\8-2-build-windows-amd64-cygwin\jdk8u51\3951\hotspot\sr˜¥”³ý¢?
Event: 0.037 Thread 0x00000000030a0800 Exception <a 'java/lang/NoSuchMethodError': Method sun.misc.Unsafe.prefetchRead(Ljava/lang/Object;J)V name or signature does not match> (0x00000000d580cf80) thrown at [C:\re\workspace\8-2-build-windows-amd64-cygwin\jdk8u51\3951\hotspot\src\share\vm\prims\j+©|†[»?
Event: 0.106 Thread 0x00000000030a0800 Exception <a 'java/io/FileNotFoundException'> (0x00000000d5a2f658) thrown at [C:\re\workspace\8-2-build-windows-amd64-cygwin\jdk8u51\3951\hotspot\src\share\vm\prims\jni.cpp, line 709]
Event: 0.225 Thread 0x00000000030a0800 Exception <a 'java/io/FileNotFoundException'> (0x00000000d5a45e18) thrown at [C:\re\workspace\8-2-build-windows-amd64-cygwin\jdk8u51\3951\hotspot\src\share\vm\prims\jni.cpp, line 709]
Event: 0.226 Thread 0x00000000030a0800 Exception <a 'java/io/FileNotFoundException'> (0x00000000d5a55fb0) thrown at [C:\re\workspace\8-2-build-windows-amd64-cygwin\jdk8u51\3951\hotspot\src\share\vm\prims\jni.cpp, line 709]
Event: 0.334 Thread 0x00000000030a0800 Exception <a 'java/io/FileNotFoundException'> (0x00000000d5a6c100) thrown at [C:\re\workspace\8-2-build-windows-amd64-cygwin\jdk8u51\3951\hotspot\src\share\vm\prims\jni.cpp, line 709]

Events (10 events):
Event: 0.338 loading class java/lang/NumberFormatException done
Event: 0.338 loading class java/lang/IndexOutOfBoundsException
Event: 0.338 loading class java/lang/IndexOutOfBoundsException done
Event: 0.345 loading class gnu/io/RXTXPort$MonitorThread
Event: 0.345 loading class gnu/io/RXTXPort$MonitorThread done
Event: 0.346 Thread 0x000000001a31d800 Thread added: 0x000000001a31d800
Event: 0.354 Thread 0x000000001a33c800 Thread added: 0x000000001a33c800
Event: 4.126 Executing VM operation: EnableBiasedLocking
Event: 4.126 Executing VM operation: EnableBiasedLocking done
Event: 5.361 Thread 0x000000001a31d800 Thread exited: 0x000000001a31d800


Dynamic libraries:
0x00007ff6d7c50000 - 0x00007ff6d7c87000 	C:\Program Files\Java\jre1.8.0_51\bin\javaw.exe
0x00007ffd5fd40000 - 0x00007ffd5ff01000 	C:\WINDOWS\SYSTEM32\ntdll.dll
0x00007ffd5e5f0000 - 0x00007ffd5e69d000 	C:\WINDOWS\system32\KERNEL32.DLL
0x00007ffd5c8b0000 - 0x00007ffd5ca8d000 	C:\WINDOWS\system32\KERNELBASE.dll
0x00007ffd5e2e0000 - 0x00007ffd5e386000 	C:\WINDOWS\system32\ADVAPI32.dll
0x00007ffd5dbb0000 - 0x00007ffd5dc4d000 	C:\WINDOWS\system32\msvcrt.dll
0x00007ffd5fbd0000 - 0x00007ffd5fc2b000 	C:\WINDOWS\system32\sechost.dll
0x00007ffd5d730000 - 0x00007ffd5d856000 	C:\WINDOWS\system32\RPCRT4.dll
0x00007ffd5e180000 - 0x00007ffd5e2ce000 	C:\WINDOWS\system32\USER32.dll
0x00007ffd5d3f0000 - 0x00007ffd5d576000 	C:\WINDOWS\system32\GDI32.dll
0x00007ffd52920000 - 0x00007ffd52b94000 	C:\WINDOWS\WinSxS\amd64_microsoft.windows.common-controls_6595b64144ccf1df_6.0.10240.16384_none_f41f7b285750ef43\COMCTL32.dll
0x00007ffd5db70000 - 0x00007ffd5dba6000 	C:\WINDOWS\system32\IMM32.DLL
0x00007ffd5dcb0000 - 0x00007ffd5de0c000 	C:\WINDOWS\system32\MSCTF.dll
0x0000000073e60000 - 0x0000000073f32000 	C:\Program Files\Java\jre1.8.0_51\bin\msvcr100.dll
0x0000000074010000 - 0x0000000074893000 	C:\Program Files\Java\jre1.8.0_51\bin\server\jvm.dll
0x00007ffd5e2d0000 - 0x00007ffd5e2d8000 	C:\WINDOWS\system32\PSAPI.DLL
0x00007ffd51a50000 - 0x00007ffd51a59000 	C:\WINDOWS\SYSTEM32\WSOCK32.dll
0x00007ffd5de10000 - 0x00007ffd5de79000 	C:\WINDOWS\system32\WS2_32.dll
0x00007ffd5e390000 - 0x00007ffd5e398000 	C:\WINDOWS\system32\NSI.dll
0x00007ffd5a890000 - 0x00007ffd5a8b3000 	C:\WINDOWS\SYSTEM32\WINMM.dll
0x00007ffd5a010000 - 0x00007ffd5a01a000 	C:\WINDOWS\SYSTEM32\VERSION.dll
0x00007ffd5a860000 - 0x00007ffd5a88c000 	C:\WINDOWS\SYSTEM32\WINMMBASE.dll
0x00007ffd5d170000 - 0x00007ffd5d1b4000 	C:\WINDOWS\system32\cfgmgr32.dll
0x00007ffd5b0c0000 - 0x00007ffd5b0e7000 	C:\WINDOWS\SYSTEM32\DEVOBJ.dll
0x0000000074000000 - 0x000000007400f000 	C:\Program Files\Java\jre1.8.0_51\bin\verify.dll
0x0000000073fd0000 - 0x0000000073ff9000 	C:\Program Files\Java\jre1.8.0_51\bin\java.dll
0x0000000073fb0000 - 0x0000000073fc6000 	C:\Program Files\Java\jre1.8.0_51\bin\zip.dll
0x00007ffd5e6a0000 - 0x00007ffd5fbc2000 	C:\WINDOWS\system32\SHELL32.dll
0x00007ffd5ca90000 - 0x00007ffd5d0b8000 	C:\WINDOWS\system32\windows.storage.dll
0x00007ffd5df00000 - 0x00007ffd5e17c000 	C:\WINDOWS\system32\combase.dll
0x00007ffd5fc30000 - 0x00007ffd5fc81000 	C:\WINDOWS\system32\shlwapi.dll
0x00007ffd5c770000 - 0x00007ffd5c77f000 	C:\WINDOWS\system32\kernel.appcore.dll
0x00007ffd5c7f0000 - 0x00007ffd5c8a3000 	C:\WINDOWS\system32\shcore.dll
0x00007ffd5c780000 - 0x00007ffd5c7ca000 	C:\WINDOWS\system32\powrprof.dll
0x00007ffd5c7d0000 - 0x00007ffd5c7e3000 	C:\WINDOWS\system32\profapi.dll
0x0000000180000000 - 0x0000000180025000 	C:\Users\Zachary Jones\CSC316 Projects\Arduino\SerialComm\rxtxSerial.dll
0x00007ffd46180000 - 0x00007ffd4630a000 	C:\WINDOWS\SYSTEM32\dbghelp.dll

VM Arguments:
jvm_args: -Djava.library.path=C:\Users\Zachary Jones\CSC316 Projects\Arduino\SerialComm -Dfile.encoding=Cp1252 
java_command: SerialTest
java_class_path (initial): C:\Users\Zachary Jones\CSC316 Projects\Arduino\SerialComm\bin;C:\Users\Zachary Jones\CSC316 Projects\Arduino\SerialComm\lib\RXTXcomm.jar
Launcher Type: SUN_STANDARD

Environment Variables:
PATH=C:/Program Files/Java/jre1.8.0_51/bin/server;C:/Program Files/Java/jre1.8.0_51/bin;C:/Program Files/Java/jre1.8.0_51/lib/amd64;C:\Program Files (x86)\NVIDIA Corporation\PhysX\Common;C:\ProgramData\Oracle\Java\javapath;C:\WINDOWS\system32;C:\WINDOWS;C:\WINDOWS\System32\Wbem;C:\WINDOWS\System32\WindowsPowerShell\v1.0\;C:\Program Files (x86)\AMD\ATI.ACE\Core-Static;C:\Program Files (x86)\ATI Technologies\ATI.ACE\Core-Static;C:\Program Files (x86)\Skype\Phone\;C:\Program Files (x86)\NVIDIA Corporation\PhysX\Common;C:\ProgramData\Oracle\Java\javapath;C:\WINDOWS\system32;C:\WINDOWS;C:\WINDOWS\System32\Wbem;C:\WINDOWS\System32\WindowsPowerShell\v1.0\;C:\Program Files (x86)\AMD\ATI.ACE\Core-Static;C:\Program Files (x86)\ATI Technologies\ATI.ACE\Core-Static;C:\Program Files (x86)\Skype\Phone\;C:\Program Files (x86)\NVIDIA Corporation\PhysX\Common;C:\ProgramData\Oracle\Java\javapath;C:\WINDOWS\system32;C:\WINDOWS;C:\WINDOWS\System32\Wbem;C:\WINDOWS\System32\WindowsPowerShell\v1.0\;C:\Program Files (x86)\AMD\ATI.ACE\Core-Static;C:\Program Files (x86)\ATI Technologies\ATI.ACE\Core-Static;C:\Program Files (x86)\Skype\Phone\:\MinGW\bin;C:\MinGW\bin;C:\Users\Zachary Jones\eclipse;
USERNAME=Zachary Jones
OS=Windows_NT
PROCESSOR_IDENTIFIER=AMD64 Family 21 Model 2 Stepping 0, AuthenticAMD



---------------  S Y S T E M  ---------------

OS: Windows 10.0 , 64 bit Build 10240 (10.0.10240.16384)

CPU:total 8 (8 cores per cpu, 1 threads per core) family 21 model 2 stepping 0, cmov, cx8, fxsr, mmx, sse, sse2, sse3, ssse3, sse4.1, sse4.2, popcnt, avx, aes, clmul, mmxext, 3dnowpref, lzcnt, sse4a, tsc, tscinvbit, tscinv, bmi1

Memory: 4k page, physical 8352360k(4917016k free), swap 16740968k(12312280k free)

vm_info: Java HotSpot(TM) 64-Bit Server VM (25.51-b03) for windows-amd64 JRE (1.8.0_51-b16), built on Jun  8 2015 18:03:07 by "java_re" with MS VC++ 10.0 (VS2010)

time: Fri Oct 30 12:00:45 2015
elapsed time: 6 seconds (0d 0h 0m 6s)

